Order API payload: 
{
    "price": "36.00",
    "currency": "BDT",
    "sender": {
        "name": "jahidul",
        "company": "Online Shop",
        "businessNumber": "484-227-2282",
        "email": "onlineshop@gmail.com",
        "phoneNum1": "484-227-2283",
        "phoneNum2": "484-227-2284",
        "phoneNum3": "484-227-2285",
        "city": "Comilla",
        "street1": "Laksam",
        "street2": "Dhaka",
        "zipCd": "3570"
    },
    "recipient": {
        "name": "Jahidul islam Sabuz",
        "subName": null,
        "company": null,
        "email": "sobuz0349@gmail.com",
        "phoneNum": "+8801793700349",
        "countryCode": "BD",
        "street1": "Laksam",
        "city": "Comilla",
        "state": "BD-10",
        "zipCd": "3570",
        "residentialFlag": true
    },
    "customsList": [],
    "parcel": {
        "packagingType": "box",
        "width": 0,
        "length": 0,
        "height": 0,
        "lengthUnit": "cm",
        "weight": 0,
        "weightUnit": "kg"
    }
} - 2024-10-03 10:53:10

Order API payload: 
{
    "price": "18.00",
    "currency": "BDT",
    "sender": {
        "name": "jahidul",
        "company": "Online Shop",
        "businessNumber": "484-227-2282",
        "email": "onlineshop@gmail.com",
        "phoneNum1": "484-227-2283",
        "phoneNum2": "484-227-2284",
        "phoneNum3": "484-227-2285",
        "city": "Comilla",
        "street1": "Laksam",
        "street2": "Dhaka",
        "zipCd": "3570"
    },
    "recipient": {
        "name": "Jahidul islam Sabuz",
        "subName": null,
        "company": null,
        "email": "sobuz0349@gmail.com",
        "phoneNum": "+8801793700349",
        "countryCode": "BD",
        "street1": "Laksam",
        "city": "Comilla",
        "state": "BD-10",
        "zipCd": "3570",
        "residentialFlag": true
    },
    "customsList": [],
    "parcel": {
        "packagingType": "box",
        "width": 0,
        "length": 0,
        "height": 0,
        "lengthUnit": "cm",
        "weight": 0,
        "weightUnit": "kg"
    }
} - 2024-10-03 10:58:42

Order API payload: 
{
    "price": "16.00",
    "currency": "BDT",
    "sender": {
        "name": "jahidul",
        "company": "Online Shop",
        "businessNumber": "484-227-2282",
        "email": "onlineshop@gmail.com",
        "phoneNum1": "484-227-2283",
        "phoneNum2": "484-227-2284",
        "phoneNum3": "484-227-2285",
        "city": "Comilla",
        "street1": "Laksam",
        "street2": "Dhaka",
        "zipCd": "3570"
    },
    "recipient": {
        "name": "Jahidul islam Sabuz",
        "subName": null,
        "company": null,
        "email": "sobuz0349@gmail.com",
        "phoneNum": "+8801793700349",
        "countryCode": "BD",
        "street1": "Laksam",
        "city": "Comilla",
        "state": "BD-10",
        "zipCd": "3570",
        "residentialFlag": true
    },
    "customsList": [
        {
            "skuCd": "woo-cap",
            "name": "Cap",
            "qty": 1,
            "weight": "",
            "price": "16",
            "weightUnit": "kg",
            "currency": "BDT",
            "origin": "KR"
        }
    ],
    "parcel": {
        "packagingType": "box",
        "width": 0,
        "length": 0,
        "height": 0,
        "lengthUnit": "cm",
        "weight": "",
        "weightUnit": "kg"
    }
} - 2024-10-03 11:16:16

Order API payload: 
{
    "price": "110.00",
    "currency": "BDT",
    "sender": {
        "name": "jahidul",
        "company": "Online Shop",
        "businessNumber": "484-227-2282",
        "email": "onlineshop@gmail.com",
        "phoneNum1": "484-227-2283",
        "phoneNum2": "484-227-2284",
        "phoneNum3": "484-227-2285",
        "city": "Comilla",
        "street1": "Laksam",
        "street2": "Dhaka",
        "zipCd": "3570"
    },
    "recipient": {
        "name": "Jahidul islam Sabuz",
        "subName": null,
        "company": null,
        "email": "sobuz0349@gmail.com",
        "phoneNum": "+8801793700349",
        "countryCode": "BD",
        "street1": "Laksam",
        "city": "Comilla",
        "state": "BD-10",
        "zipCd": "3570",
        "residentialFlag": true
    },
    "customsList": [
        {
            "skuCd": "woo-belt",
            "name": "Belt",
            "qty": 2,
            "weight": "",
            "price": "110",
            "currency": "BDT",
            "origin": "KR"
        }
    ],
    "parcel": {
        "packagingType": "box",
        "width": 0,
        "length": 0,
        "height": 0,
        "lengthUnit": "cm",
        "weight": "",
        "weightUnit": "kg"
    }
} - 2024-10-03 11:40:41

Create Order API Response: 
{
    "id": "hay57dRdsY",
    "successFlag": false,
    "result": {
        "orderNum": null,
        "price": 16,
        "currency": "BDT",
        "sender": {
            "name": "jahidul",
            "company": "Online Shop",
            "businessNumber": "484-227-2282",
            "email": "onlineshop@gmail.com",
            "phoneNum1": "484-227-2283",
            "phoneNum2": "484-227-2284",
            "phoneNum3": "484-227-2285",
            "city": "Comilla",
            "street1": "Laksam",
            "street2": "Dhaka",
            "zipCd": "3570"
        },
        "recipient": {
            "name": "Jahidul islam Sabuz",
            "subName": null,
            "company": null,
            "email": "sobuz0349@gmail.com",
            "phoneNum": "+8801793700349",
            "countryCode": "bd",
            "street1": "Laksam",
            "street2": null,
            "tax": null,
            "city": "Comilla",
            "state": "BD-10",
            "zipCd": "3570",
            "residentialFlag": true
        },
        "customsList": [
            {
                "skuCd": "woo-cap",
                "name": "Cap",
                "qty": 1,
                "weight": 0,
                "price": 16,
                "currency": "BDT",
                "origin": "KR"
            }
        ],
        "parcel": {
            "packagingType": "box",
            "width": 0,
            "length": 0,
            "height": 0,
            "lengthUnit": "cm",
            "weight": null,
            "weightUnit": "kg"
        }
    },
    "errors": [
        {
            "field": "sender.businessNumber",
            "message": "size must be between 10 and 10",
            "value": "484-227-2282"
        },
        {
            "field": "sender.zipCd",
            "message": "must match \"[0-9]{5}$\"",
            "value": "3570"
        },
        {
            "field": "parcel.width",
            "message": "must be greater than or equal to 0.1",
            "value": 0
        },
        {
            "field": "sender.phoneNum1",
            "message": "size must be between 2 and 3",
            "value": "484-227-2283"
        },
        {
            "field": "sender.phoneNum2",
            "message": "size must be between 4 and 4",
            "value": "484-227-2284"
        },
        {
            "field": "parcel.height",
            "message": "must be greater than or equal to 0.1",
            "value": 0
        },
        {
            "field": "sender.phoneNum3",
            "message": "size must be between 4 and 4",
            "value": "484-227-2285"
        },
        {
            "field": "parcel.length",
            "message": "must be greater than or equal to 0.1",
            "value": 0
        },
        {
            "field": "parcel.weightUnit",
            "message": "Required if the weightUnit is not empty",
            "value": "kg"
        },
        {
            "field": "customsList[0].weight",
            "message": "must be greater than or equal to 0.01",
            "value": 0
        },
        {
            "field": "customsList[0].hsCode",
            "message": "must not be blank",
            "value": null
        },
        {
            "field": "customsList[0].weightUnit",
            "message": "Select from kg, lb, oz, g",
            "value": null
        }
    ]
} - 2024-10-03 11:44:03

Create Order API Response: 
{
    "id": "KW4b5WrNZN",
    "successFlag": false,
    "result": {
        "orderNum": null,
        "price": 45,
        "currency": "BDT",
        "sender": {
            "name": "jahidul",
            "company": "Online Shop",
            "businessNumber": "484-227-2282",
            "email": "onlineshop@gmail.com",
            "phoneNum1": "484-227-2283",
            "phoneNum2": "484-227-2284",
            "phoneNum3": "484-227-2285",
            "city": "Comilla",
            "street1": "Laksam",
            "street2": "Dhaka",
            "zipCd": "3570"
        },
        "recipient": {
            "name": "Jahidul islam Sabuz",
            "subName": null,
            "company": null,
            "email": "sobuz0349@gmail.com",
            "phoneNum": "+8801793700349",
            "countryCode": "bd",
            "street1": "Laksam",
            "street2": null,
            "tax": null,
            "city": "Comilla",
            "state": "BD-10",
            "zipCd": "3570",
            "residentialFlag": true
        },
        "customsList": [
            {
                "skuCd": "woo-hoodie-with-zipper",
                "name": "Hoodie with Zipper",
                "qty": 1,
                "weight": 0,
                "price": 45,
                "currency": "BDT",
                "origin": "KR"
            }
        ],
        "parcel": {
            "packagingType": "box",
            "width": 0,
            "length": 0,
            "height": 0,
            "lengthUnit": "cm",
            "weight": null,
            "weightUnit": "kg"
        }
    },
    "errors": [
        {
            "field": "sender.phoneNum2",
            "message": "size must be between 4 and 4",
            "value": "484-227-2284"
        },
        {
            "field": "sender.businessNumber",
            "message": "size must be between 10 and 10",
            "value": "484-227-2282"
        },
        {
            "field": "sender.zipCd",
            "message": "must match \"[0-9]{5}$\"",
            "value": "3570"
        },
        {
            "field": "parcel.height",
            "message": "must be greater than or equal to 0.1",
            "value": 0
        },
        {
            "field": "parcel.width",
            "message": "must be greater than or equal to 0.1",
            "value": 0
        },
        {
            "field": "parcel.length",
            "message": "must be greater than or equal to 0.1",
            "value": 0
        },
        {
            "field": "sender.phoneNum3",
            "message": "size must be between 4 and 4",
            "value": "484-227-2285"
        },
        {
            "field": "sender.phoneNum1",
            "message": "size must be between 2 and 3",
            "value": "484-227-2283"
        },
        {
            "field": "parcel.weightUnit",
            "message": "Required if the weightUnit is not empty",
            "value": "kg"
        },
        {
            "field": "customsList[0].hsCode",
            "message": "must not be blank",
            "value": null
        },
        {
            "field": "customsList[0].weight",
            "message": "must be greater than or equal to 0.01",
            "value": 0
        },
        {
            "field": "customsList[0].weightUnit",
            "message": "Select from kg, lb, oz, g",
            "value": null
        }
    ]
} - 2024-10-03 11:50:06

Create Order API Response: 
{
    "id": "A5lMADsq9t",
    "successFlag": false,
    "result": {
        "orderNum": null,
        "price": 55,
        "currency": "BDT",
        "sender": {
            "name": "jahidul",
            "company": "Online Shop",
            "businessNumber": "484-227-2282",
            "email": "onlineshop@gmail.com",
            "phoneNum1": "010",
            "phoneNum2": "9456",
            "phoneNum3": "3821",
            "city": "Comilla",
            "street1": "Laksam",
            "street2": "Dhaka",
            "zipCd": "3570"
        },
        "recipient": {
            "name": "Jahidul islam Sabuz",
            "subName": null,
            "company": null,
            "email": "sobuz0349@gmail.com",
            "phoneNum": "+8801793700349",
            "countryCode": "bd",
            "street1": "Laksam",
            "street2": null,
            "tax": null,
            "city": "Comilla",
            "state": "BD-10",
            "zipCd": "3570",
            "residentialFlag": true
        },
        "customsList": [
            {
                "skuCd": "woo-belt",
                "name": "Belt",
                "qty": 1,
                "weight": 0,
                "price": 55,
                "currency": "BDT",
                "origin": "KR"
            }
        ],
        "parcel": {
            "packagingType": "box",
            "width": 0.1,
            "length": 0.1,
            "height": 0.1,
            "lengthUnit": "cm",
            "weight": null,
            "weightUnit": "kg"
        }
    },
    "errors": [
        {
            "field": "sender.businessNumber",
            "message": "size must be between 10 and 10",
            "value": "484-227-2282"
        },
        {
            "field": "sender.zipCd",
            "message": "must match \"[0-9]{5}$\"",
            "value": "3570"
        },
        {
            "field": "parcel.weightUnit",
            "message": "Required if the weightUnit is not empty",
            "value": "kg"
        },
        {
            "field": "customsList[0].weight",
            "message": "must be greater than or equal to 0.01",
            "value": 0
        },
        {
            "field": "customsList[0].weightUnit",
            "message": "Select from kg, lb, oz, g",
            "value": null
        },
        {
            "field": "customsList[0].hsCode",
            "message": "must not be blank",
            "value": null
        }
    ]
} - 2024-10-03 12:09:19

Create Order API Response: 
{
    "id": "zEMkrgGWwS",
    "successFlag": false,
    "result": {
        "orderNum": null,
        "price": 16,
        "currency": "BDT",
        "sender": {
            "name": "jahidul",
            "company": "Online Shop",
            "businessNumber": "4842272282",
            "email": "onlineshop@gmail.com",
            "phoneNum1": "010",
            "phoneNum2": "9456",
            "phoneNum3": "3821",
            "city": "Comilla",
            "street1": "Laksam",
            "street2": "Dhaka",
            "zipCd": "35701"
        },
        "recipient": {
            "name": "Jahidul islam Sabuz",
            "subName": null,
            "company": null,
            "email": "sobuz0349@gmail.com",
            "phoneNum": "+8801793700349",
            "countryCode": "bd",
            "street1": "Laksam",
            "street2": null,
            "tax": null,
            "city": "Comilla",
            "state": "BD-10",
            "zipCd": "3570",
            "residentialFlag": true
        },
        "customsList": [
            {
                "skuCd": "woo-cap",
                "name": "Cap",
                "qty": 1,
                "weight": 0,
                "price": 16,
                "currency": "BDT",
                "origin": "KR"
            }
        ],
        "parcel": {
            "packagingType": "box",
            "width": 0.1,
            "length": 0.1,
            "height": 0.1,
            "lengthUnit": "cm",
            "weight": null,
            "weightUnit": "kg"
        }
    },
    "errors": [
        {
            "field": "parcel.weightUnit",
            "message": "Required if the weightUnit is not empty",
            "value": "kg"
        },
        {
            "field": "customsList[0].weightUnit",
            "message": "Select from kg, lb, oz, g",
            "value": null
        },
        {
            "field": "customsList[0].hsCode",
            "message": "must not be blank",
            "value": null
        },
        {
            "field": "customsList[0].weight",
            "message": "must be greater than or equal to 0.01",
            "value": 0
        }
    ]
} - 2024-10-03 12:12:43

